[INFO][1720][8556]--2022-07-31 19:59:06,601--[testcasedemo.py test_eq 12]: 等于校验
[INFO][1720][8556]--2022-07-31 19:59:06,605--[testcasedemo.py test_noteq 17]: 不等于校验
[INFO][5072][5776]--2022-07-31 20:04:20,209--[testcasedemo.py test_eq 22]: 等于校验
[INFO][5072][5776]--2022-07-31 20:04:20,213--[testcasedemo.py test_noteq 26]: 不等于校验
[INFO][8436][104]--2022-07-31 20:08:05,182--[testcasedemo.py setup_class 14]: _______setup_class______
[INFO][8436][104]--2022-07-31 20:08:05,183--[testcasedemo.py setup 20]: _______setup______
[INFO][8436][104]--2022-07-31 20:08:05,184--[testcasedemo.py test_eq 28]: 等于校验
[INFO][8436][104]--2022-07-31 20:08:05,186--[testcasedemo.py teardown 23]: _______teardown______
[INFO][8436][104]--2022-07-31 20:08:05,188--[testcasedemo.py setup 20]: _______setup______
[INFO][8436][104]--2022-07-31 20:08:05,189--[testcasedemo.py test_noteq 32]: 不等于校验
[INFO][8436][104]--2022-07-31 20:08:05,190--[testcasedemo.py teardown 23]: _______teardown______
[INFO][8436][104]--2022-07-31 20:08:05,191--[testcasedemo.py teardown_class 17]: _______teardown_class______
[DEBUG][1388][12148]--2022-07-31 20:08:49,995--[LogUtil.py <module> 58]: aaaaaaaaaaaaaaaaaa
[DEBUG][8764][7092]--2022-07-31 20:09:49,655--[E:/InterAutoTest/utils/LogUtil.py <module> 58]: aaaaaaaaaaaaaaaaaa
[INFO][276][13008]--2022-07-31 20:10:03,677--[E:\InterAutoTest\testcase\testcasedemo.py setup_class 14]: _______setup_class______
[INFO][276][13008]--2022-07-31 20:10:03,678--[E:\InterAutoTest\testcase\testcasedemo.py setup 20]: _______setup______
[INFO][276][13008]--2022-07-31 20:10:03,679--[E:\InterAutoTest\testcase\testcasedemo.py test_eq 28]: 等于校验
[INFO][276][13008]--2022-07-31 20:10:03,680--[E:\InterAutoTest\testcase\testcasedemo.py teardown 23]: _______teardown______
[INFO][276][13008]--2022-07-31 20:10:03,682--[E:\InterAutoTest\testcase\testcasedemo.py setup 20]: _______setup______
[INFO][276][13008]--2022-07-31 20:10:03,683--[E:\InterAutoTest\testcase\testcasedemo.py test_noteq 32]: 不等于校验
[INFO][276][13008]--2022-07-31 20:10:03,685--[E:\InterAutoTest\testcase\testcasedemo.py teardown 23]: _______teardown______
[INFO][276][13008]--2022-07-31 20:10:03,685--[E:\InterAutoTest\testcase\testcasedemo.py teardown_class 17]: _______teardown_class______
[INFO][13536][14456]--2022-07-31 20:21:56,472--[E:\InterAutoTest\testcase\testcasedemo.py setup_class 14]: _______setup_class______
[INFO][13536][14456]--2022-07-31 20:21:56,472--[E:\InterAutoTest\testcase\testcasedemo.py setup 20]: _______setup______
[INFO][13536][14456]--2022-07-31 20:21:56,474--[E:\InterAutoTest\testcase\testcasedemo.py test_eq 28]: 等于校验
[INFO][13536][14456]--2022-07-31 20:21:56,475--[E:\InterAutoTest\testcase\testcasedemo.py teardown 23]: _______teardown______
[INFO][13536][14456]--2022-07-31 20:21:56,477--[E:\InterAutoTest\testcase\testcasedemo.py setup 20]: _______setup______
[INFO][13536][14456]--2022-07-31 20:21:56,479--[E:\InterAutoTest\testcase\testcasedemo.py test_noteq 32]: 不等于校验
[INFO][13536][14456]--2022-07-31 20:21:56,480--[E:\InterAutoTest\testcase\testcasedemo.py teardown 23]: _______teardown______
[INFO][13536][14456]--2022-07-31 20:21:56,480--[E:\InterAutoTest\testcase\testcasedemo.py teardown_class 17]: _______teardown_class______
[INFO][8196][2704]--2022-07-31 20:31:09,872--[E:\InterAutoTest\testcase\testcasedemo.py setup_class 14]: _______setup_class______
[INFO][8196][2704]--2022-07-31 20:31:09,872--[E:\InterAutoTest\testcase\testcasedemo.py setup 20]: _______setup______
[INFO][8196][2704]--2022-07-31 20:31:09,873--[E:\InterAutoTest\testcase\testcasedemo.py test_eq 28]: 等于校验
[INFO][8196][2704]--2022-07-31 20:31:09,874--[E:\InterAutoTest\testcase\testcasedemo.py teardown 23]: _______teardown______
[INFO][8196][2704]--2022-07-31 20:31:09,877--[E:\InterAutoTest\testcase\testcasedemo.py setup 20]: _______setup______
[INFO][8196][2704]--2022-07-31 20:31:09,878--[E:\InterAutoTest\testcase\testcasedemo.py test_noteq 32]: 不等于校验
[INFO][8196][2704]--2022-07-31 20:31:09,970--[E:\InterAutoTest\testcase\testcasedemo.py teardown 23]: _______teardown______
[INFO][8196][2704]--2022-07-31 20:31:09,970--[E:\InterAutoTest\testcase\testcasedemo.py teardown_class 17]: _______teardown_class______
[INFO][8196][2704]--2022-07-31 20:31:29,972--[E:\InterAutoTest\testcase\testcasedemo.py setup_class 14]: _______setup_class______
[INFO][8196][2704]--2022-07-31 20:31:29,972--[E:\InterAutoTest\testcase\testcasedemo.py setup 20]: _______setup______
[INFO][8196][2704]--2022-07-31 20:31:29,973--[E:\InterAutoTest\testcase\testcasedemo.py test_noteq 32]: 不等于校验
[INFO][8196][2704]--2022-07-31 20:31:29,980--[E:\InterAutoTest\testcase\testcasedemo.py teardown 23]: _______teardown______
[INFO][8196][2704]--2022-07-31 20:31:29,980--[E:\InterAutoTest\testcase\testcasedemo.py teardown_class 17]: _______teardown_class______
[INFO][8196][2704]--2022-07-31 20:31:49,982--[E:\InterAutoTest\testcase\testcasedemo.py setup_class 14]: _______setup_class______
[INFO][8196][2704]--2022-07-31 20:31:49,982--[E:\InterAutoTest\testcase\testcasedemo.py setup 20]: _______setup______
[INFO][8196][2704]--2022-07-31 20:31:49,983--[E:\InterAutoTest\testcase\testcasedemo.py test_noteq 32]: 不等于校验
[INFO][8196][2704]--2022-07-31 20:31:49,990--[E:\InterAutoTest\testcase\testcasedemo.py teardown 23]: _______teardown______
[INFO][8196][2704]--2022-07-31 20:31:49,990--[E:\InterAutoTest\testcase\testcasedemo.py teardown_class 17]: _______teardown_class______
[INFO][8196][2704]--2022-07-31 20:32:09,992--[E:\InterAutoTest\testcase\testcasedemo.py setup_class 14]: _______setup_class______
[INFO][8196][2704]--2022-07-31 20:32:09,992--[E:\InterAutoTest\testcase\testcasedemo.py setup 20]: _______setup______
[INFO][8196][2704]--2022-07-31 20:32:09,993--[E:\InterAutoTest\testcase\testcasedemo.py test_noteq 32]: 不等于校验
[INFO][8196][2704]--2022-07-31 20:32:10,000--[E:\InterAutoTest\testcase\testcasedemo.py teardown 23]: _______teardown______
[INFO][8196][2704]--2022-07-31 20:32:10,000--[E:\InterAutoTest\testcase\testcasedemo.py teardown_class 17]: _______teardown_class______
[INFO][11068][108]--2022-07-31 20:33:14,923--[E:\InterAutoTest\testcase\testcasedemo.py setup_class 14]: _______setup_class______
[INFO][11068][108]--2022-07-31 20:33:14,924--[E:\InterAutoTest\testcase\testcasedemo.py setup 20]: _______setup______
[INFO][11068][108]--2022-07-31 20:33:14,925--[E:\InterAutoTest\testcase\testcasedemo.py test_eq 28]: 等于校验
[INFO][11068][108]--2022-07-31 20:33:14,926--[E:\InterAutoTest\testcase\testcasedemo.py teardown 23]: _______teardown______
[INFO][11068][108]--2022-07-31 20:33:14,929--[E:\InterAutoTest\testcase\testcasedemo.py setup 20]: _______setup______
[INFO][11068][108]--2022-07-31 20:33:14,930--[E:\InterAutoTest\testcase\testcasedemo.py test_noteq 32]: 不等于校验
[INFO][11068][108]--2022-07-31 20:33:15,018--[E:\InterAutoTest\testcase\testcasedemo.py teardown 23]: _______teardown______
[INFO][11068][108]--2022-07-31 20:33:15,018--[E:\InterAutoTest\testcase\testcasedemo.py teardown_class 17]: _______teardown_class______
[INFO][11068][108]--2022-07-31 20:33:35,020--[E:\InterAutoTest\testcase\testcasedemo.py setup_class 14]: _______setup_class______
[INFO][11068][108]--2022-07-31 20:33:35,020--[E:\InterAutoTest\testcase\testcasedemo.py setup 20]: _______setup______
[INFO][11068][108]--2022-07-31 20:33:35,021--[E:\InterAutoTest\testcase\testcasedemo.py test_noteq 32]: 不等于校验
[INFO][11068][108]--2022-07-31 20:33:35,028--[E:\InterAutoTest\testcase\testcasedemo.py teardown 23]: _______teardown______
[INFO][11068][108]--2022-07-31 20:33:35,029--[E:\InterAutoTest\testcase\testcasedemo.py teardown_class 17]: _______teardown_class______
[INFO][11068][108]--2022-07-31 20:33:55,031--[E:\InterAutoTest\testcase\testcasedemo.py setup_class 14]: _______setup_class______
[INFO][11068][108]--2022-07-31 20:33:55,031--[E:\InterAutoTest\testcase\testcasedemo.py setup 20]: _______setup______
[INFO][11068][108]--2022-07-31 20:33:55,032--[E:\InterAutoTest\testcase\testcasedemo.py test_noteq 32]: 不等于校验
[INFO][11068][108]--2022-07-31 20:33:55,039--[E:\InterAutoTest\testcase\testcasedemo.py teardown 23]: _______teardown______
[INFO][11068][108]--2022-07-31 20:33:55,039--[E:\InterAutoTest\testcase\testcasedemo.py teardown_class 17]: _______teardown_class______
[INFO][11068][108]--2022-07-31 20:34:15,041--[E:\InterAutoTest\testcase\testcasedemo.py setup_class 14]: _______setup_class______
[INFO][11068][108]--2022-07-31 20:34:15,041--[E:\InterAutoTest\testcase\testcasedemo.py setup 20]: _______setup______
[INFO][11068][108]--2022-07-31 20:34:15,042--[E:\InterAutoTest\testcase\testcasedemo.py test_noteq 32]: 不等于校验
[INFO][11068][108]--2022-07-31 20:34:15,049--[E:\InterAutoTest\testcase\testcasedemo.py teardown 23]: _______teardown______
[INFO][11068][108]--2022-07-31 20:34:15,049--[E:\InterAutoTest\testcase\testcasedemo.py teardown_class 17]: _______teardown_class______
[INFO][13296][14076]--2022-07-31 20:35:14,267--[E:\InterAutoTest\testcase\testcasedemo.py setup_class 14]: _______setup_class______
[INFO][13296][14076]--2022-07-31 20:35:14,267--[E:\InterAutoTest\testcase\testcasedemo.py setup 20]: _______setup______
[INFO][13296][14076]--2022-07-31 20:35:14,268--[E:\InterAutoTest\testcase\testcasedemo.py test_eq 28]: 等于校验
[INFO][13296][14076]--2022-07-31 20:35:14,269--[E:\InterAutoTest\testcase\testcasedemo.py teardown 23]: _______teardown______
[INFO][13296][14076]--2022-07-31 20:35:14,273--[E:\InterAutoTest\testcase\testcasedemo.py setup 20]: _______setup______
[INFO][13296][14076]--2022-07-31 20:35:14,273--[E:\InterAutoTest\testcase\testcasedemo.py test_noteq 32]: 不等于校验
[INFO][13296][14076]--2022-07-31 20:35:14,365--[E:\InterAutoTest\testcase\testcasedemo.py teardown 23]: _______teardown______
[INFO][13296][14076]--2022-07-31 20:35:14,366--[E:\InterAutoTest\testcase\testcasedemo.py teardown_class 17]: _______teardown_class______
[INFO][13296][14076]--2022-07-31 20:35:19,368--[E:\InterAutoTest\testcase\testcasedemo.py setup_class 14]: _______setup_class______
[INFO][13296][14076]--2022-07-31 20:35:19,368--[E:\InterAutoTest\testcase\testcasedemo.py setup 20]: _______setup______
[INFO][13296][14076]--2022-07-31 20:35:19,369--[E:\InterAutoTest\testcase\testcasedemo.py test_noteq 32]: 不等于校验
[INFO][13296][14076]--2022-07-31 20:35:19,375--[E:\InterAutoTest\testcase\testcasedemo.py teardown 23]: _______teardown______
[INFO][13296][14076]--2022-07-31 20:35:19,376--[E:\InterAutoTest\testcase\testcasedemo.py teardown_class 17]: _______teardown_class______
[INFO][13296][14076]--2022-07-31 20:35:24,378--[E:\InterAutoTest\testcase\testcasedemo.py setup_class 14]: _______setup_class______
[INFO][13296][14076]--2022-07-31 20:35:24,378--[E:\InterAutoTest\testcase\testcasedemo.py setup 20]: _______setup______
[INFO][13296][14076]--2022-07-31 20:35:24,379--[E:\InterAutoTest\testcase\testcasedemo.py test_noteq 32]: 不等于校验
[INFO][13296][14076]--2022-07-31 20:35:24,385--[E:\InterAutoTest\testcase\testcasedemo.py teardown 23]: _______teardown______
[INFO][13296][14076]--2022-07-31 20:35:24,386--[E:\InterAutoTest\testcase\testcasedemo.py teardown_class 17]: _______teardown_class______
[INFO][5280][11332]--2022-07-31 20:48:16,332--[E:\InterAutoTest\testcase\testcasedemo.py setup_class 14]: _______setup_class______
[INFO][5280][11332]--2022-07-31 20:48:16,333--[E:\InterAutoTest\testcase\testcasedemo.py setup 20]: _______setup______
[INFO][5280][11332]--2022-07-31 20:48:16,334--[E:\InterAutoTest\testcase\testcasedemo.py test_noteq 31]: 不等于校验
[INFO][5280][11332]--2022-07-31 20:48:16,335--[E:\InterAutoTest\testcase\testcasedemo.py teardown 23]: _______teardown______
[INFO][5280][11332]--2022-07-31 20:48:16,338--[E:\InterAutoTest\testcase\testcasedemo.py setup 20]: _______setup______
[INFO][5280][11332]--2022-07-31 20:48:16,339--[E:\InterAutoTest\testcase\testcasedemo.py test_noteq 31]: 不等于校验
[INFO][5280][11332]--2022-07-31 20:48:16,426--[E:\InterAutoTest\testcase\testcasedemo.py teardown 23]: _______teardown______
[INFO][5280][11332]--2022-07-31 20:48:16,426--[E:\InterAutoTest\testcase\testcasedemo.py teardown_class 17]: _______teardown_class______
[INFO][5280][11332]--2022-07-31 20:48:21,429--[E:\InterAutoTest\testcase\testcasedemo.py setup_class 14]: _______setup_class______
[INFO][5280][11332]--2022-07-31 20:48:21,429--[E:\InterAutoTest\testcase\testcasedemo.py setup 20]: _______setup______
[INFO][5280][11332]--2022-07-31 20:48:21,430--[E:\InterAutoTest\testcase\testcasedemo.py test_noteq 31]: 不等于校验
[INFO][5280][11332]--2022-07-31 20:48:21,437--[E:\InterAutoTest\testcase\testcasedemo.py teardown 23]: _______teardown______
[INFO][5280][11332]--2022-07-31 20:48:21,437--[E:\InterAutoTest\testcase\testcasedemo.py teardown_class 17]: _______teardown_class______
[INFO][5280][11332]--2022-07-31 20:48:26,439--[E:\InterAutoTest\testcase\testcasedemo.py setup_class 14]: _______setup_class______
[INFO][5280][11332]--2022-07-31 20:48:26,439--[E:\InterAutoTest\testcase\testcasedemo.py setup 20]: _______setup______
[INFO][5280][11332]--2022-07-31 20:48:26,440--[E:\InterAutoTest\testcase\testcasedemo.py test_noteq 31]: 不等于校验
[INFO][5280][11332]--2022-07-31 20:48:26,447--[E:\InterAutoTest\testcase\testcasedemo.py teardown 23]: _______teardown______
[INFO][5280][11332]--2022-07-31 20:48:26,447--[E:\InterAutoTest\testcase\testcasedemo.py teardown_class 17]: _______teardown_class______
[INFO][6044][8364]--2022-07-31 20:57:29,331--[E:\InterAutoTest\testcase\testcasedemo.py setup_class 13]: _______setup_class______
[INFO][6044][8364]--2022-07-31 20:57:29,331--[E:\InterAutoTest\testcase\testcasedemo.py setup 19]: _______setup______
[INFO][6044][8364]--2022-07-31 20:57:29,332--[E:\InterAutoTest\testcase\testcasedemo.py test_noteq 29]: 不等于校验zhangsan
[INFO][6044][8364]--2022-07-31 20:57:29,333--[E:\InterAutoTest\testcase\testcasedemo.py teardown 22]: _______teardown______
[INFO][6044][8364]--2022-07-31 20:57:29,336--[E:\InterAutoTest\testcase\testcasedemo.py setup 19]: _______setup______
[INFO][6044][8364]--2022-07-31 20:57:29,337--[E:\InterAutoTest\testcase\testcasedemo.py test_noteq 29]: 不等于校验lisi
[INFO][6044][8364]--2022-07-31 20:57:29,424--[E:\InterAutoTest\testcase\testcasedemo.py teardown 22]: _______teardown______
[INFO][6044][8364]--2022-07-31 20:57:29,424--[E:\InterAutoTest\testcase\testcasedemo.py teardown_class 16]: _______teardown_class______
[INFO][6044][8364]--2022-07-31 20:57:34,426--[E:\InterAutoTest\testcase\testcasedemo.py setup_class 13]: _______setup_class______
[INFO][6044][8364]--2022-07-31 20:57:34,426--[E:\InterAutoTest\testcase\testcasedemo.py setup 19]: _______setup______
[INFO][6044][8364]--2022-07-31 20:57:34,427--[E:\InterAutoTest\testcase\testcasedemo.py test_noteq 29]: 不等于校验lisi
[INFO][6044][8364]--2022-07-31 20:57:34,434--[E:\InterAutoTest\testcase\testcasedemo.py teardown 22]: _______teardown______
[INFO][6044][8364]--2022-07-31 20:57:34,434--[E:\InterAutoTest\testcase\testcasedemo.py teardown_class 16]: _______teardown_class______
[INFO][6044][8364]--2022-07-31 20:57:39,437--[E:\InterAutoTest\testcase\testcasedemo.py setup_class 13]: _______setup_class______
[INFO][6044][8364]--2022-07-31 20:57:39,437--[E:\InterAutoTest\testcase\testcasedemo.py setup 19]: _______setup______
[INFO][6044][8364]--2022-07-31 20:57:39,438--[E:\InterAutoTest\testcase\testcasedemo.py test_noteq 29]: 不等于校验lisi
[INFO][6044][8364]--2022-07-31 20:57:39,445--[E:\InterAutoTest\testcase\testcasedemo.py teardown 22]: _______teardown______
[INFO][6044][8364]--2022-07-31 20:57:39,445--[E:\InterAutoTest\testcase\testcasedemo.py teardown_class 16]: _______teardown_class______
[INFO][9180][1860]--2022-07-31 21:18:46,029--[E:\InterAutoTest\testcase\testcasedemo.py setup_class 13]: _______setup_class______
[INFO][9180][1860]--2022-07-31 21:18:46,030--[E:\InterAutoTest\testcase\testcasedemo.py setup 19]: _______setup______
[INFO][9180][1860]--2022-07-31 21:18:46,030--[E:\InterAutoTest\testcase\testcasedemo.py test_noteq 29]: 不等于校验zhangsan
[INFO][9180][1860]--2022-07-31 21:18:46,031--[E:\InterAutoTest\testcase\testcasedemo.py teardown 22]: _______teardown______
[INFO][9180][1860]--2022-07-31 21:18:46,033--[E:\InterAutoTest\testcase\testcasedemo.py setup 19]: _______setup______
[INFO][9180][1860]--2022-07-31 21:18:46,034--[E:\InterAutoTest\testcase\testcasedemo.py test_noteq 29]: 不等于校验lisi
[INFO][9180][1860]--2022-07-31 21:18:46,110--[E:\InterAutoTest\testcase\testcasedemo.py teardown 22]: _______teardown______
[INFO][9180][1860]--2022-07-31 21:18:46,111--[E:\InterAutoTest\testcase\testcasedemo.py teardown_class 16]: _______teardown_class______
[INFO][9180][1860]--2022-07-31 21:18:51,113--[E:\InterAutoTest\testcase\testcasedemo.py setup_class 13]: _______setup_class______
[INFO][9180][1860]--2022-07-31 21:18:51,113--[E:\InterAutoTest\testcase\testcasedemo.py setup 19]: _______setup______
[INFO][9180][1860]--2022-07-31 21:18:51,114--[E:\InterAutoTest\testcase\testcasedemo.py test_noteq 29]: 不等于校验lisi
[INFO][9180][1860]--2022-07-31 21:18:51,120--[E:\InterAutoTest\testcase\testcasedemo.py teardown 22]: _______teardown______
[INFO][9180][1860]--2022-07-31 21:18:51,120--[E:\InterAutoTest\testcase\testcasedemo.py teardown_class 16]: _______teardown_class______
[INFO][9180][1860]--2022-07-31 21:18:56,122--[E:\InterAutoTest\testcase\testcasedemo.py setup_class 13]: _______setup_class______
[INFO][9180][1860]--2022-07-31 21:18:56,122--[E:\InterAutoTest\testcase\testcasedemo.py setup 19]: _______setup______
[INFO][9180][1860]--2022-07-31 21:18:56,123--[E:\InterAutoTest\testcase\testcasedemo.py test_noteq 29]: 不等于校验lisi
[INFO][9180][1860]--2022-07-31 21:18:56,135--[E:\InterAutoTest\testcase\testcasedemo.py teardown 22]: _______teardown______
[INFO][9180][1860]--2022-07-31 21:18:56,135--[E:\InterAutoTest\testcase\testcasedemo.py teardown_class 16]: _______teardown_class______
[INFO][8268][9060]--2022-07-31 22:09:46,294--[E:\InterAutoTest\testcase\testcasedemo.py setup_class 15]: _______setup_class______
[INFO][8268][9060]--2022-07-31 22:09:46,295--[E:\InterAutoTest\testcase\testcasedemo.py setup 22]: _______setup______
[INFO][8268][9060]--2022-07-31 22:09:46,295--[E:\InterAutoTest\testcase\testcasedemo.py test_noteq 32]: 不等于校验zhangsan
[INFO][8268][9060]--2022-07-31 22:09:46,296--[E:\InterAutoTest\testcase\testcasedemo.py teardown 25]: _______teardown______
[INFO][8268][9060]--2022-07-31 22:09:46,298--[E:\InterAutoTest\testcase\testcasedemo.py setup 22]: _______setup______
[INFO][8268][9060]--2022-07-31 22:09:46,299--[E:\InterAutoTest\testcase\testcasedemo.py test_noteq 32]: 不等于校验lisi
[ERROR][8268][9060]--2022-07-31 22:09:46,299--[E:\InterAutoTest\utils\AssertUtil.py assert_body 34]: code error,body is 5 ,expected body is 4
[INFO][8268][9060]--2022-07-31 22:09:46,382--[E:\InterAutoTest\testcase\testcasedemo.py teardown 25]: _______teardown______
[INFO][8268][9060]--2022-07-31 22:09:46,383--[E:\InterAutoTest\testcase\testcasedemo.py teardown_class 19]: _______teardown_class______
[INFO][8268][9060]--2022-07-31 22:09:51,386--[E:\InterAutoTest\testcase\testcasedemo.py setup_class 15]: _______setup_class______
[INFO][8268][9060]--2022-07-31 22:09:51,386--[E:\InterAutoTest\testcase\testcasedemo.py setup 22]: _______setup______
[INFO][8268][9060]--2022-07-31 22:09:51,387--[E:\InterAutoTest\testcase\testcasedemo.py test_noteq 32]: 不等于校验lisi
[ERROR][8268][9060]--2022-07-31 22:09:51,387--[E:\InterAutoTest\utils\AssertUtil.py assert_body 34]: code error,body is 5 ,expected body is 4
[INFO][8268][9060]--2022-07-31 22:09:51,394--[E:\InterAutoTest\testcase\testcasedemo.py teardown 25]: _______teardown______
[INFO][8268][9060]--2022-07-31 22:09:51,395--[E:\InterAutoTest\testcase\testcasedemo.py teardown_class 19]: _______teardown_class______
[INFO][8268][9060]--2022-07-31 22:09:56,396--[E:\InterAutoTest\testcase\testcasedemo.py setup_class 15]: _______setup_class______
[INFO][8268][9060]--2022-07-31 22:09:56,397--[E:\InterAutoTest\testcase\testcasedemo.py setup 22]: _______setup______
[INFO][8268][9060]--2022-07-31 22:09:56,398--[E:\InterAutoTest\testcase\testcasedemo.py test_noteq 32]: 不等于校验lisi
[ERROR][8268][9060]--2022-07-31 22:09:56,399--[E:\InterAutoTest\utils\AssertUtil.py assert_body 34]: code error,body is 5 ,expected body is 4
[INFO][8268][9060]--2022-07-31 22:09:56,423--[E:\InterAutoTest\testcase\testcasedemo.py teardown 25]: _______teardown______
[INFO][8268][9060]--2022-07-31 22:09:56,423--[E:\InterAutoTest\testcase\testcasedemo.py teardown_class 19]: _______teardown_class______
[INFO][10964][11460]--2022-07-31 22:13:54,225--[E:\InterAutoTest\testcase\testcasedemo.py setup_class 15]: _______setup_class______
[INFO][10964][11460]--2022-07-31 22:13:54,225--[E:\InterAutoTest\testcase\testcasedemo.py setup 22]: _______setup______
[INFO][10964][11460]--2022-07-31 22:13:54,226--[E:\InterAutoTest\testcase\testcasedemo.py test_noteq 32]: 不等于校验name
[INFO][10964][11460]--2022-07-31 22:13:54,226--[E:\InterAutoTest\testcase\testcasedemo.py teardown 25]: _______teardown______
[INFO][10964][11460]--2022-07-31 22:13:54,229--[E:\InterAutoTest\testcase\testcasedemo.py setup 22]: _______setup______
[INFO][10964][11460]--2022-07-31 22:13:54,229--[E:\InterAutoTest\testcase\testcasedemo.py test_noteq 32]: 不等于校验name
[ERROR][10964][11460]--2022-07-31 22:13:54,229--[E:\InterAutoTest\utils\AssertUtil.py assert_body 34]: code error,body is 5 ,expected body is 4
[INFO][10964][11460]--2022-07-31 22:13:54,306--[E:\InterAutoTest\testcase\testcasedemo.py teardown 25]: _______teardown______
[INFO][10964][11460]--2022-07-31 22:13:54,306--[E:\InterAutoTest\testcase\testcasedemo.py teardown_class 19]: _______teardown_class______
[INFO][10964][11460]--2022-07-31 22:13:59,308--[E:\InterAutoTest\testcase\testcasedemo.py setup_class 15]: _______setup_class______
[INFO][10964][11460]--2022-07-31 22:13:59,308--[E:\InterAutoTest\testcase\testcasedemo.py setup 22]: _______setup______
[INFO][10964][11460]--2022-07-31 22:13:59,309--[E:\InterAutoTest\testcase\testcasedemo.py test_noteq 32]: 不等于校验name
[ERROR][10964][11460]--2022-07-31 22:13:59,309--[E:\InterAutoTest\utils\AssertUtil.py assert_body 34]: code error,body is 5 ,expected body is 4
[INFO][10964][11460]--2022-07-31 22:13:59,316--[E:\InterAutoTest\testcase\testcasedemo.py teardown 25]: _______teardown______
[INFO][10964][11460]--2022-07-31 22:13:59,317--[E:\InterAutoTest\testcase\testcasedemo.py teardown_class 19]: _______teardown_class______
[INFO][10964][11460]--2022-07-31 22:14:04,318--[E:\InterAutoTest\testcase\testcasedemo.py setup_class 15]: _______setup_class______
[INFO][10964][11460]--2022-07-31 22:14:04,318--[E:\InterAutoTest\testcase\testcasedemo.py setup 22]: _______setup______
[INFO][10964][11460]--2022-07-31 22:14:04,319--[E:\InterAutoTest\testcase\testcasedemo.py test_noteq 32]: 不等于校验name
[ERROR][10964][11460]--2022-07-31 22:14:04,319--[E:\InterAutoTest\utils\AssertUtil.py assert_body 34]: code error,body is 5 ,expected body is 4
[INFO][10964][11460]--2022-07-31 22:14:04,338--[E:\InterAutoTest\testcase\testcasedemo.py teardown 25]: _______teardown______
[INFO][10964][11460]--2022-07-31 22:14:04,339--[E:\InterAutoTest\testcase\testcasedemo.py teardown_class 19]: _______teardown_class______
[INFO][7496][9932]--2022-07-31 23:29:28,684--[E:\InterAutoTest\testcase\testcasedemo.py setup_class 16]: _______setup_class______
[INFO][7496][9932]--2022-07-31 23:29:28,685--[E:\InterAutoTest\testcase\testcasedemo.py setup 23]: _______setup______
[INFO][7496][9932]--2022-07-31 23:29:28,700--[E:\InterAutoTest\testcase\testcasedemo.py test_mysql 42]: 数据库验证
[INFO][7496][9932]--2022-07-31 23:29:28,700--[E:\InterAutoTest\testcase\testcasedemo.py teardown 26]: _______teardown______
[INFO][7496][9932]--2022-07-31 23:29:28,701--[E:\InterAutoTest\testcase\testcasedemo.py teardown_class 20]: _______teardown_class______
[INFO][14880][1088]--2022-07-31 23:29:57,781--[E:\InterAutoTest\testcase\testcasedemo.py setup_class 16]: _______setup_class______
[INFO][14880][1088]--2022-07-31 23:29:57,781--[E:\InterAutoTest\testcase\testcasedemo.py setup 23]: _______setup______
[INFO][14880][1088]--2022-07-31 23:29:57,796--[E:\InterAutoTest\testcase\testcasedemo.py test_mysql 42]: 数据库验证
[INFO][14880][1088]--2022-07-31 23:29:57,797--[E:\InterAutoTest\testcase\testcasedemo.py teardown 26]: _______teardown______
[INFO][14880][1088]--2022-07-31 23:29:57,797--[E:\InterAutoTest\testcase\testcasedemo.py teardown_class 20]: _______teardown_class______
[INFO][7596][12804]--2022-07-31 23:30:30,189--[E:\InterAutoTest\testcase\testcasedemo.py setup_class 16]: _______setup_class______
[INFO][7596][12804]--2022-07-31 23:30:30,190--[E:\InterAutoTest\testcase\testcasedemo.py setup 23]: _______setup______
[INFO][7596][12804]--2022-07-31 23:30:30,204--[E:\InterAutoTest\testcase\testcasedemo.py test_mysql 42]: 数据库验证,root
[INFO][7596][12804]--2022-07-31 23:30:30,205--[E:\InterAutoTest\testcase\testcasedemo.py teardown 26]: _______teardown______
[INFO][7596][12804]--2022-07-31 23:30:30,205--[E:\InterAutoTest\testcase\testcasedemo.py teardown_class 20]: _______teardown_class______
[INFO][12360][13424]--2022-07-31 23:30:46,297--[E:\InterAutoTest\testcase\testcasedemo.py setup_class 16]: _______setup_class______
[INFO][12360][13424]--2022-07-31 23:30:46,298--[E:\InterAutoTest\testcase\testcasedemo.py setup 23]: _______setup______
[INFO][12360][13424]--2022-07-31 23:30:46,313--[E:\InterAutoTest\testcase\testcasedemo.py test_mysql 42]: 数据库验证,root
[INFO][12360][13424]--2022-07-31 23:30:46,314--[E:\InterAutoTest\testcase\testcasedemo.py teardown 26]: _______teardown______
[INFO][12360][13424]--2022-07-31 23:30:46,314--[E:\InterAutoTest\testcase\testcasedemo.py teardown_class 20]: _______teardown_class______
[INFO][4296][8136]--2022-07-31 23:35:16,918--[E:\InterAutoTest\testcase\testcasedemo.py setup_class 16]: _______setup_class______
[INFO][4296][8136]--2022-07-31 23:35:16,918--[E:\InterAutoTest\testcase\testcasedemo.py setup 23]: _______setup______
[INFO][4296][8136]--2022-07-31 23:35:17,012--[E:\InterAutoTest\testcase\testcasedemo.py teardown 26]: _______teardown______
[INFO][4296][8136]--2022-07-31 23:35:17,013--[E:\InterAutoTest\testcase\testcasedemo.py teardown_class 20]: _______teardown_class______
[INFO][4296][8136]--2022-07-31 23:35:22,014--[E:\InterAutoTest\testcase\testcasedemo.py setup_class 16]: _______setup_class______
[INFO][4296][8136]--2022-07-31 23:35:22,014--[E:\InterAutoTest\testcase\testcasedemo.py setup 23]: _______setup______
[INFO][4296][8136]--2022-07-31 23:35:22,029--[E:\InterAutoTest\testcase\testcasedemo.py teardown 26]: _______teardown______
[INFO][4296][8136]--2022-07-31 23:35:22,030--[E:\InterAutoTest\testcase\testcasedemo.py teardown_class 20]: _______teardown_class______
[INFO][4296][8136]--2022-07-31 23:35:27,031--[E:\InterAutoTest\testcase\testcasedemo.py setup_class 16]: _______setup_class______
[INFO][4296][8136]--2022-07-31 23:35:27,031--[E:\InterAutoTest\testcase\testcasedemo.py setup 23]: _______setup______
[INFO][4296][8136]--2022-07-31 23:35:27,045--[E:\InterAutoTest\testcase\testcasedemo.py teardown 26]: _______teardown______
[INFO][4296][8136]--2022-07-31 23:35:27,046--[E:\InterAutoTest\testcase\testcasedemo.py teardown_class 20]: _______teardown_class______
[INFO][8744][9112]--2022-07-31 23:35:50,073--[E:\InterAutoTest\testcase\testcasedemo.py setup_class 16]: _______setup_class______
[INFO][8744][9112]--2022-07-31 23:35:50,073--[E:\InterAutoTest\testcase\testcasedemo.py setup 23]: _______setup______
[INFO][8744][9112]--2022-07-31 23:35:50,087--[E:\InterAutoTest\testcase\testcasedemo.py test_mysql 42]: 登录数据库环境env-1成功
[INFO][8744][9112]--2022-07-31 23:35:50,088--[E:\InterAutoTest\testcase\testcasedemo.py test_mysql 44]: 数据库验证,root
[INFO][8744][9112]--2022-07-31 23:35:50,089--[E:\InterAutoTest\testcase\testcasedemo.py teardown 26]: _______teardown______
[INFO][8744][9112]--2022-07-31 23:35:50,089--[E:\InterAutoTest\testcase\testcasedemo.py teardown_class 20]: _______teardown_class______
[INFO][1748][12708]--2022-07-31 23:41:02,061--[E:\InterAutoTest\testcase\testcasedemo.py setup_class 16]: _______setup_class______
[INFO][1748][12708]--2022-07-31 23:41:02,062--[E:\InterAutoTest\testcase\testcasedemo.py setup 23]: _______setup______
[INFO][1748][12708]--2022-07-31 23:41:02,076--[E:\InterAutoTest\testcase\testcasedemo.py test_mysql 42]: 登录数据库环境env-1成功
[INFO][1748][12708]--2022-07-31 23:41:02,077--[E:\InterAutoTest\testcase\testcasedemo.py test_mysql 44]: 数据库验证,{'name': 'root', 'password': '1'}
[INFO][1748][12708]--2022-07-31 23:41:02,078--[E:\InterAutoTest\testcase\testcasedemo.py teardown 26]: _______teardown______
[INFO][1748][12708]--2022-07-31 23:41:02,078--[E:\InterAutoTest\testcase\testcasedemo.py teardown_class 20]: _______teardown_class______
[INFO][14584][1652]--2022-07-31 23:41:49,521--[E:\InterAutoTest\testcase\testcasedemo.py setup_class 16]: _______setup_class______
[INFO][14584][1652]--2022-07-31 23:41:49,522--[E:\InterAutoTest\testcase\testcasedemo.py setup 23]: _______setup______
[INFO][14584][1652]--2022-07-31 23:41:49,535--[E:\InterAutoTest\testcase\testcasedemo.py test_mysql 42]: 登录数据库环境env-1成功
[INFO][14584][1652]--2022-07-31 23:41:49,536--[E:\InterAutoTest\testcase\testcasedemo.py test_mysql 44]: 数据库验证,{'name': 'root', 'password': '1'}
[INFO][14584][1652]--2022-07-31 23:41:49,537--[E:\InterAutoTest\testcase\testcasedemo.py teardown 26]: _______teardown______
[INFO][14584][1652]--2022-07-31 23:41:49,537--[E:\InterAutoTest\testcase\testcasedemo.py teardown_class 20]: _______teardown_class______
[INFO][3596][13096]--2022-07-31 23:42:22,575--[E:\InterAutoTest\testcase\testcasedemo.py setup_class 16]: _______setup_class______
[INFO][3596][13096]--2022-07-31 23:42:22,575--[E:\InterAutoTest\testcase\testcasedemo.py setup 23]: _______setup______
[INFO][3596][13096]--2022-07-31 23:42:22,590--[E:\InterAutoTest\testcase\testcasedemo.py test_mysql 42]: 登录数据库环境env-1成功
[INFO][3596][13096]--2022-07-31 23:42:22,590--[E:\InterAutoTest\testcase\testcasedemo.py test_mysql 44]: 数据库验证,{'name': 'root', 'password': '1'}
[INFO][3596][13096]--2022-07-31 23:42:22,591--[E:\InterAutoTest\testcase\testcasedemo.py teardown 26]: _______teardown______
[INFO][3596][13096]--2022-07-31 23:42:22,591--[E:\InterAutoTest\testcase\testcasedemo.py teardown_class 20]: _______teardown_class______
